# JRE version: OpenJDK Runtime Environment (8.0_152-b02) (build 1.8.0_152-release-1024-b02)
# Java VM: OpenJDK 64-Bit Server VM (25.152-b02 mixed mode windows-amd64 compressed oops)
Heap:
 PSYoungGen      total 256512K, used 157669K [0x00000000eab00000, 0x00000000fd380000, 0x0000000100000000)
  eden space 221696K, 65% used [0x00000000eab00000,0x00000000f38cd6e8,0x00000000f8380000)
  from space 34816K, 35% used [0x00000000fb180000,0x00000000fbdac030,0x00000000fd380000)
  to   space 40960K, 0% used [0x00000000f8380000,0x00000000f8380000,0x00000000fab80000)
 ParOldGen       total 486912K, used 265085K [0x00000000c0000000, 0x00000000ddb80000, 0x00000000eab00000)
  object space 486912K, 54% used [0x00000000c0000000,0x00000000d02df6e0,0x00000000ddb80000)
 Metaspace       used 84123K, capacity 88578K, committed 88832K, reserved 1126400K
  class space    used 10452K, capacity 11254K, committed 11264K, reserved 1048576K
GC Heap History (10 events):
Event: 3637.142 GC heap before
{Heap before GC invocations=35 (full 3):
 PSYoungGen      total 276992K, used 223847K [0x00000000eab00000, 0x00000000ff900000, 0x0000000100000000)
  eden space 216576K, 100% used [0x00000000eab00000,0x00000000f7e80000,0x00000000f7e80000)
  from space 60416K, 12% used [0x00000000f7e80000,0x00000000f8599c20,0x00000000fb980000)
  to   space 56320K, 0% used [0x00000000fc200000,0x00000000fc200000,0x00000000ff900000)
 ParOldGen       total 486912K, used 264845K [0x00000000c0000000, 0x00000000ddb80000, 0x00000000eab00000)
  object space 486912K, 54% used [0x00000000c0000000,0x00000000d02a36e0,0x00000000ddb80000)
 Metaspace       used 82944K, capacity 86776K, committed 86912K, reserved 1124352K
  class space    used 10344K, capacity 11065K, committed 11136K, reserved 1048576K
Event: 3637.183 GC heap after
Heap after GC invocations=35 (full 3):
 PSYoungGen      total 284672K, used 5575K [0x00000000eab00000, 0x00000000ff500000, 0x0000000100000000)
  eden space 232448K, 0% used [0x00000000eab00000,0x00000000eab00000,0x00000000f8e00000)
  from space 52224K, 10% used [0x00000000fc200000,0x00000000fc771eb0,0x00000000ff500000)
  to   space 52736K, 0% used [0x00000000f8e00000,0x00000000f8e00000,0x00000000fc180000)
 ParOldGen       total 486912K, used 265005K [0x00000000c0000000, 0x00000000ddb80000, 0x00000000eab00000)
  object space 486912K, 54% used [0x00000000c0000000,0x00000000d02cb6e0,0x00000000ddb80000)
 Metaspace       used 82944K, capacity 86776K, committed 86912K, reserved 1124352K
  class space    used 10344K, capacity 11065K, committed 11136K, reserved 1048576K
}
Event: 5610.145 GC heap before
{Heap before GC invocations=36 (full 3):
 PSYoungGen      total 284672K, used 238023K [0x00000000eab00000, 0x00000000ff500000, 0x0000000100000000)
  eden space 232448K, 100% used [0x00000000eab00000,0x00000000f8e00000,0x00000000f8e00000)
  from space 52224K, 10% used [0x00000000fc200000,0x00000000fc771eb0,0x00000000ff500000)
  to   space 52736K, 0% used [0x00000000f8e00000,0x00000000f8e00000,0x00000000fc180000)
 ParOldGen       total 486912K, used 265005K [0x00000000c0000000, 0x00000000ddb80000, 0x00000000eab00000)
  object space 486912K, 54% used [0x00000000c0000000,0x00000000d02cb6e0,0x00000000ddb80000)
 Metaspace       used 83513K, capacity 87934K, committed 88064K, reserved 1126400K
  class space    used 10436K, capacity 11236K, committed 11264K, reserved 1048576K
Event: 5610.194 GC heap after
Heap after GC invocations=36 (full 3):
 PSYoungGen      total 285184K, used 6869K [0x00000000eab00000, 0x00000000ff980000, 0x0000000100000000)
  eden space 232448K, 0% used [0x00000000eab00000,0x00000000eab00000,0x00000000f8e00000)
  from space 52736K, 13% used [0x00000000f8e00000,0x00000000f94b5560,0x00000000fc180000)
  to   space 49152K, 0% used [0x00000000fc980000,0x00000000fc980000,0x00000000ff980000)
 ParOldGen       total 486912K, used 265061K [0x00000000c0000000, 0x00000000ddb80000, 0x00000000eab00000)
  object space 486912K, 54% used [0x00000000c0000000,0x00000000d02d96e0,0x00000000ddb80000)
 Metaspace       used 83513K, capacity 87934K, committed 88064K, reserved 1126400K
  class space    used 10436K, capacity 11236K, committed 11264K, reserved 1048576K
}
Event: 5796.944 GC heap before
{Heap before GC invocations=37 (full 3):
 PSYoungGen      total 285184K, used 239317K [0x00000000eab00000, 0x00000000ff980000, 0x0000000100000000)
  eden space 232448K, 100% used [0x00000000eab00000,0x00000000f8e00000,0x00000000f8e00000)
  from space 52736K, 13% used [0x00000000f8e00000,0x00000000f94b5560,0x00000000fc180000)
  to   space 49152K, 0% used [0x00000000fc980000,0x00000000fc980000,0x00000000ff980000)
 ParOldGen       total 486912K, used 265061K [0x00000000c0000000, 0x00000000ddb80000, 0x00000000eab00000)
  object space 486912K, 54% used [0x00000000c0000000,0x00000000d02d96e0,0x00000000ddb80000)
 Metaspace       used 83727K, capacity 88238K, committed 88320K, reserved 1126400K
  class space    used 10447K, capacity 11254K, committed 11264K, reserved 1048576K
Event: 5797.100 GC heap after
Heap after GC invocations=37 (full 3):
 PSYoungGen      total 256512K, used 13319K [0x00000000eab00000, 0x00000000fe480000, 0x0000000100000000)
  eden space 228864K, 0% used [0x00000000eab00000,0x00000000eab00000,0x00000000f8a80000)
  from space 27648K, 48% used [0x00000000fc980000,0x00000000fd681ed0,0x00000000fe480000)
  to   space 46080K, 0% used [0x00000000f8a80000,0x00000000f8a80000,0x00000000fb780000)
 ParOldGen       total 486912K, used 265069K [0x00000000c0000000, 0x00000000ddb80000, 0x00000000eab00000)
  object space 486912K, 54% used [0x00000000c0000000,0x00000000d02db6e0,0x00000000ddb80000)
 Metaspace       used 83727K, capacity 88238K, committed 88320K, reserved 1126400K
  class space    used 10447K, capacity 11254K, committed 11264K, reserved 1048576K
}
Event: 5865.822 GC heap before
{Heap before GC invocations=38 (full 3):
 PSYoungGen      total 256512K, used 242183K [0x00000000eab00000, 0x00000000fe480000, 0x0000000100000000)
  eden space 228864K, 100% used [0x00000000eab00000,0x00000000f8a80000,0x00000000f8a80000)
  from space 27648K, 48% used [0x00000000fc980000,0x00000000fd681ed0,0x00000000fe480000)
  to   space 46080K, 0% used [0x00000000f8a80000,0x00000000f8a80000,0x00000000fb780000)
 ParOldGen       total 486912K, used 265069K [0x00000000c0000000, 0x00000000ddb80000, 0x00000000eab00000)
  object space 486912K, 54% used [0x00000000c0000000,0x00000000d02db6e0,0x00000000ddb80000)
 Metaspace       used 83864K, capacity 88374K, committed 88576K, reserved 1126400K
  class space    used 10447K, capacity 11254K, committed 11264K, reserved 1048576K
Event: 5865.833 GC heap after
Heap after GC invocations=38 (full 3):
 PSYoungGen      total 230912K, used 5552K [0x00000000eab00000, 0x00000000fdc00000, 0x0000000100000000)
  eden space 225280K, 0% used [0x00000000eab00000,0x00000000eab00000,0x00000000f8700000)
  from space 5632K, 98% used [0x00000000f8a80000,0x00000000f8fec1b0,0x00000000f9000000)
  to   space 43520K, 0% used [0x00000000fb180000,0x00000000fb180000,0x00000000fdc00000)
 ParOldGen       total 486912K, used 265077K [0x00000000c0000000, 0x00000000ddb80000, 0x00000000eab00000)
  object space 486912K, 54% used [0x00000000c0000000,0x00000000d02dd6e0,0x00000000ddb80000)
 Metaspace       used 83864K, capacity 88374K, committed 88576K, reserved 1126400K
  class space    used 10447K, capacity 11254K, committed 11264K, reserved 1048576K
}
Event: 6000.127 GC heap before
{Heap before GC invocations=39 (full 3):
 PSYoungGen      total 230912K, used 230832K [0x00000000eab00000, 0x00000000fdc00000, 0x0000000100000000)
  eden space 225280K, 100% used [0x00000000eab00000,0x00000000f8700000,0x00000000f8700000)
  from space 5632K, 98% used [0x00000000f8a80000,0x00000000f8fec1b0,0x00000000f9000000)
  to   space 43520K, 0% used [0x00000000fb180000,0x00000000fb180000,0x00000000fdc00000)
 ParOldGen       total 486912K, used 265077K [0x00000000c0000000, 0x00000000ddb80000, 0x00000000eab00000)
  object space 486912K, 54% used [0x00000000c0000000,0x00000000d02dd6e0,0x00000000ddb80000)
 Metaspace       used 84006K, capacity 88442K, committed 88576K, reserved 1126400K
  class space    used 10447K, capacity 11254K, committed 11264K, reserved 1048576K
Event: 6000.167 GC heap after
Heap after GC invocations=39 (full 3):
 PSYoungGen      total 256512K, used 12464K [0x00000000eab00000, 0x00000000fd380000, 0x0000000100000000)
  eden space 221696K, 0% used [0x00000000eab00000,0x00000000eab00000,0x00000000f8380000)
  from space 34816K, 35% used [0x00000000fb180000,0x00000000fbdac030,0x00000000fd380000)
  to   space 40960K, 0% used [0x00000000f8380000,0x00000000f8380000,0x00000000fab80000)
 ParOldGen       total 486912K, used 265085K [0x00000000c0000000, 0x00000000ddb80000, 0x00000000eab00000)
  object space 486912K, 54% used [0x00000000c0000000,0x00000000d02df6e0,0x00000000ddb80000)
 Metaspace       used 84006K, capacity 88442K, committed 88576K, reserved 1126400K
  class space    used 10447K, capacity 11254K, committed 11264K, reserved 1048576K
}

