# JRE version: OpenJDK Runtime Environment (8.0_152-b02) (build 1.8.0_152-release-1024-b02)
# Java VM: OpenJDK 64-Bit Server VM (25.152-b02 mixed mode windows-amd64 compressed oops)
Heap:
 PSYoungGen      total 213504K, used 114129K [0x00000000eab00000, 0x00000000f9880000, 0x0000000100000000)
  eden space 192000K, 59% used [0x00000000eab00000,0x00000000f1a746d0,0x00000000f6680000)
  from space 21504K, 0% used [0x00000000f7b80000,0x00000000f7b80000,0x00000000f9080000)
  to   space 21504K, 0% used [0x00000000f6680000,0x00000000f6680000,0x00000000f7b80000)
 ParOldGen       total 349696K, used 16516K [0x00000000c0000000, 0x00000000d5580000, 0x00000000eab00000)
  object space 349696K, 4% used [0x00000000c0000000,0x00000000c1021038,0x00000000d5580000)
 Metaspace       used 41152K, capacity 42124K, committed 42368K, reserved 1085440K
  class space    used 5643K, capacity 5939K, committed 6016K, reserved 1048576K
GC Heap History (10 events):
Event: 6.780 GC heap before
{Heap before GC invocations=2 (full 0):
 PSYoungGen      total 153088K, used 54846K [0x00000000eab00000, 0x00000000f5580000, 0x0000000100000000)
  eden space 131584K, 31% used [0x00000000eab00000,0x00000000ed378d50,0x00000000f2b80000)
  from space 21504K, 62% used [0x00000000f2b80000,0x00000000f3896e68,0x00000000f4080000)
  to   space 21504K, 0% used [0x00000000f4080000,0x00000000f4080000,0x00000000f5580000)
 ParOldGen       total 349696K, used 24K [0x00000000c0000000, 0x00000000d5580000, 0x00000000eab00000)
  object space 349696K, 0% used [0x00000000c0000000,0x00000000c0006000,0x00000000d5580000)
 Metaspace       used 20845K, capacity 21200K, committed 21248K, reserved 1067008K
  class space    used 2908K, capacity 3038K, committed 3072K, reserved 1048576K
Event: 6.792 GC heap after
Heap after GC invocations=2 (full 0):
 PSYoungGen      total 153088K, used 10004K [0x00000000eab00000, 0x00000000f5580000, 0x0000000100000000)
  eden space 131584K, 0% used [0x00000000eab00000,0x00000000eab00000,0x00000000f2b80000)
  from space 21504K, 46% used [0x00000000f4080000,0x00000000f4a453d8,0x00000000f5580000)
  to   space 21504K, 0% used [0x00000000f2b80000,0x00000000f2b80000,0x00000000f4080000)
 ParOldGen       total 349696K, used 32K [0x00000000c0000000, 0x00000000d5580000, 0x00000000eab00000)
  object space 349696K, 0% used [0x00000000c0000000,0x00000000c0008000,0x00000000d5580000)
 Metaspace       used 20845K, capacity 21200K, committed 21248K, reserved 1067008K
  class space    used 2908K, capacity 3038K, committed 3072K, reserved 1048576K
}
Event: 6.792 GC heap before
{Heap before GC invocations=3 (full 1):
 PSYoungGen      total 153088K, used 10004K [0x00000000eab00000, 0x00000000f5580000, 0x0000000100000000)
  eden space 131584K, 0% used [0x00000000eab00000,0x00000000eab00000,0x00000000f2b80000)
  from space 21504K, 46% used [0x00000000f4080000,0x00000000f4a453d8,0x00000000f5580000)
  to   space 21504K, 0% used [0x00000000f2b80000,0x00000000f2b80000,0x00000000f4080000)
 ParOldGen       total 349696K, used 32K [0x00000000c0000000, 0x00000000d5580000, 0x00000000eab00000)
  object space 349696K, 0% used [0x00000000c0000000,0x00000000c0008000,0x00000000d5580000)
 Metaspace       used 20845K, capacity 21200K, committed 21248K, reserved 1067008K
  class space    used 2908K, capacity 3038K, committed 3072K, reserved 1048576K
Event: 6.843 GC heap after
Heap after GC invocations=3 (full 1):
 PSYoungGen      total 153088K, used 0K [0x00000000eab00000, 0x00000000f5580000, 0x0000000100000000)
  eden space 131584K, 0% used [0x00000000eab00000,0x00000000eab00000,0x00000000f2b80000)
  from space 21504K, 0% used [0x00000000f4080000,0x00000000f4080000,0x00000000f5580000)
  to   space 21504K, 0% used [0x00000000f2b80000,0x00000000f2b80000,0x00000000f4080000)
 ParOldGen       total 349696K, used 9773K [0x00000000c0000000, 0x00000000d5580000, 0x00000000eab00000)
  object space 349696K, 2% used [0x00000000c0000000,0x00000000c098b778,0x00000000d5580000)
 Metaspace       used 20845K, capacity 21200K, committed 21248K, reserved 1067008K
  class space    used 2908K, capacity 3038K, committed 3072K, reserved 1048576K
}
Event: 12.216 GC heap before
{Heap before GC invocations=4 (full 1):
 PSYoungGen      total 153088K, used 131584K [0x00000000eab00000, 0x00000000f5580000, 0x0000000100000000)
  eden space 131584K, 100% used [0x00000000eab00000,0x00000000f2b80000,0x00000000f2b80000)
  from space 21504K, 0% used [0x00000000f4080000,0x00000000f4080000,0x00000000f5580000)
  to   space 21504K, 0% used [0x00000000f2b80000,0x00000000f2b80000,0x00000000f4080000)
 ParOldGen       total 349696K, used 9773K [0x00000000c0000000, 0x00000000d5580000, 0x00000000eab00000)
  object space 349696K, 2% used [0x00000000c0000000,0x00000000c098b778,0x00000000d5580000)
 Metaspace       used 29637K, capacity 30168K, committed 30336K, reserved 1075200K
  class space    used 4147K, capacity 4353K, committed 4480K, reserved 1048576K
Event: 12.231 GC heap after
Heap after GC invocations=4 (full 1):
 PSYoungGen      total 153088K, used 12700K [0x00000000eab00000, 0x00000000f9080000, 0x0000000100000000)
  eden space 131584K, 0% used [0x00000000eab00000,0x00000000eab00000,0x00000000f2b80000)
  from space 21504K, 59% used [0x00000000f2b80000,0x00000000f37e7198,0x00000000f4080000)
  to   space 21504K, 0% used [0x00000000f7b80000,0x00000000f7b80000,0x00000000f9080000)
 ParOldGen       total 349696K, used 9781K [0x00000000c0000000, 0x00000000d5580000, 0x00000000eab00000)
  object space 349696K, 2% used [0x00000000c0000000,0x00000000c098d778,0x00000000d5580000)
 Metaspace       used 29637K, capacity 30168K, committed 30336K, reserved 1075200K
  class space    used 4147K, capacity 4353K, committed 4480K, reserved 1048576K
}
Event: 12.991 GC heap before
{Heap before GC invocations=5 (full 1):
 PSYoungGen      total 153088K, used 46331K [0x00000000eab00000, 0x00000000f9080000, 0x0000000100000000)
  eden space 131584K, 25% used [0x00000000eab00000,0x00000000ecbd7c58,0x00000000f2b80000)
  from space 21504K, 59% used [0x00000000f2b80000,0x00000000f37e7198,0x00000000f4080000)
  to   space 21504K, 0% used [0x00000000f7b80000,0x00000000f7b80000,0x00000000f9080000)
 ParOldGen       total 349696K, used 9781K [0x00000000c0000000, 0x00000000d5580000, 0x00000000eab00000)
  object space 349696K, 2% used [0x00000000c0000000,0x00000000c098d778,0x00000000d5580000)
 Metaspace       used 34622K, capacity 35282K, committed 35416K, reserved 1079296K
  class space    used 4780K, capacity 5001K, committed 5120K, reserved 1048576K
Event: 13.001 GC heap after
Heap after GC invocations=5 (full 1):
 PSYoungGen      total 213504K, used 9824K [0x00000000eab00000, 0x00000000f9880000, 0x0000000100000000)
  eden space 192000K, 0% used [0x00000000eab00000,0x00000000eab00000,0x00000000f6680000)
  from space 21504K, 45% used [0x00000000f7b80000,0x00000000f85182a0,0x00000000f9080000)
  to   space 21504K, 0% used [0x00000000f6680000,0x00000000f6680000,0x00000000f7b80000)
 ParOldGen       total 349696K, used 9789K [0x00000000c0000000, 0x00000000d5580000, 0x00000000eab00000)
  object space 349696K, 2% used [0x00000000c0000000,0x00000000c098f778,0x00000000d5580000)
 Metaspace       used 34622K, capacity 35282K, committed 35416K, reserved 1079296K
  class space    used 4780K, capacity 5001K, committed 5120K, reserved 1048576K
}
Event: 13.001 GC heap before
{Heap before GC invocations=6 (full 2):
 PSYoungGen      total 213504K, used 9824K [0x00000000eab00000, 0x00000000f9880000, 0x0000000100000000)
  eden space 192000K, 0% used [0x00000000eab00000,0x00000000eab00000,0x00000000f6680000)
  from space 21504K, 45% used [0x00000000f7b80000,0x00000000f85182a0,0x00000000f9080000)
  to   space 21504K, 0% used [0x00000000f6680000,0x00000000f6680000,0x00000000f7b80000)
 ParOldGen       total 349696K, used 9789K [0x00000000c0000000, 0x00000000d5580000, 0x00000000eab00000)
  object space 349696K, 2% used [0x00000000c0000000,0x00000000c098f778,0x00000000d5580000)
 Metaspace       used 34622K, capacity 35282K, committed 35416K, reserved 1079296K
  class space    used 4780K, capacity 5001K, committed 5120K, reserved 1048576K
Event: 13.058 GC heap after
Heap after GC invocations=6 (full 2):
 PSYoungGen      total 213504K, used 0K [0x00000000eab00000, 0x00000000f9880000, 0x0000000100000000)
  eden space 192000K, 0% used [0x00000000eab00000,0x00000000eab00000,0x00000000f6680000)
  from space 21504K, 0% used [0x00000000f7b80000,0x00000000f7b80000,0x00000000f9080000)
  to   space 21504K, 0% used [0x00000000f6680000,0x00000000f6680000,0x00000000f7b80000)
 ParOldGen       total 349696K, used 16516K [0x00000000c0000000, 0x00000000d5580000, 0x00000000eab00000)
  object space 349696K, 4% used [0x00000000c0000000,0x00000000c1021038,0x00000000d5580000)
 Metaspace       used 34622K, capacity 35282K, committed 35416K, reserved 1079296K
  class space    used 4780K, capacity 5001K, committed 5120K, reserved 1048576K
}

